hp-check[59713]: info: :
hp-check[59713]: info: :[01mHP Linux Imaging and Printing System (ver. 3.23.12)[0m
hp-check[59713]: info: :[01mDependency/Version Check Utility ver. 15.1[0m
hp-check[59713]: info: :
hp-check[59713]: info: :Copyright (c) 2001-18 HP Development Company, LP
hp-check[59713]: info: :This software comes with ABSOLUTELY NO WARRANTY.
hp-check[59713]: info: :This is free software, and you are welcome to distribute it
hp-check[59713]: info: :under certain conditions. See COPYING file for more details.
hp-check[59713]: info: :
hp-check[59713]: info: :[01mNote: hp-check can be run in three modes:[0m
hp-check[59713]: info: :1. Compile-time check mode (-c or --compile): Use this mode before compiling the HPLIP supplied tarball (.tar.gz or    
hp-check[59713]: info: :.run) to determine if the proper dependencies are installed to successfully compile HPLIP.                             
hp-check[59713]: info: :2. Run-time check mode (-r or --run): Use this mode to determine if a distro supplied package (.deb, .rpm, etc) or an  
hp-check[59713]: info: :already built HPLIP supplied tarball has the proper dependencies installed to successfully run.                        
hp-check[59713]: info: :3. Both compile- and run-time check mode (-b or --both) (Default): This mode will check both of the above cases (both  
hp-check[59713]: info: :compile- and run-time dependencies).                                                                                   
hp-check[59713]: info: :
hp-check[59713]: info: :Check types:                                                                                                           
hp-check[59713]: info: :a. EXTERNALDEP - External Dependencies                                                                                 
hp-check[59713]: info: :b. GENERALDEP - General Dependencies (required both at compile and run time)                                           
hp-check[59713]: info: :c. COMPILEDEP - Compile time Dependencies                                                                              
hp-check[59713]: info: :d. [All are run-time checks]                                                                                           
hp-check[59713]: info: :PYEXT SCANCONF QUEUES PERMISSION                                                                                       
hp-check[59713]: info: :
hp-check[59713]: info: :Status Types:
hp-check[59713]: info: :    OK
hp-check[59713]: info: :    MISSING       - Missing Dependency or Permission or Plug-in
hp-check[59713]: info: :    INCOMPAT      - Incompatible dependency-version or Plugin-version
hp-check[59713]: info: :
warning: [01m0- version is not supported. Using 0-0 versions dependencies to verify and install...[0m
hp-check[59713]: info: :
hp-check[59713]: info: :---------------
hp-check[59713]: info: :| SYSTEM INFO |
hp-check[59713]: info: :---------------
hp-check[59713]: info: :
hp-check[59713]: info: : Kernel: 6.8.9-arch1-2 #1 SMP PREEMPT_DYNAMIC Tue, 07 May 2024 21:35:54 +0000 GNU/Linux
 Host: archlinux
 Proc: 6.8.9-arch1-2 #1 SMP PREEMPT_DYNAMIC Tue, 07 May 2024 21:35:54 +0000 GNU/Linux
 Distribution: 0 
hp-check[59713]: info: : Bitness: 64 bit

hp-check[59713]: info: :
hp-check[59713]: info: :-----------------------
hp-check[59713]: info: :| HPLIP CONFIGURATION |
hp-check[59713]: info: :-----------------------
hp-check[59713]: info: :
hp-check[59713]: info: :HPLIP-Version: HPLIP 3.23.12
hp-check[59713]: info: :HPLIP-Home: /usr/share/hplip
warning: HPLIP-Installation: Auto installation is not supported for 0 distro   version 
hp-check[59713]: info: :
hp-check[59713]: info: :[01mCurrent contents of '/etc/hp/hplip.conf' file:[0m
hp-check[59713]: info: :# hplip.conf.  Generated from hplip.conf.in by configure.

[hplip]
version=3.23.12

[dirs]
home=/usr/share/hplip
run=/var/run
ppd=/usr/share/ppd/HP
ppdbase=/usr/share/ppd
doc=/usr/share/doc/hplip-3.23.12
html=/usr/share/doc/hplip-3.23.12
icon=/usr/share/applications
cupsbackend=/usr/lib/cups/backend
cupsfilter=/usr/lib/cups/filter
drv=/usr/share/cups/drv/hp
bin=/usr/bin
apparmor=/etc/apparmor.d
# Following values are determined at configure time and cannot be changed.
[configure]
network-build=yes
libusb01-build=no
pp-build=yes
gui-build=yes
scanner-build=yes
fax-build=yes
dbus-build=yes
cups11-build=no
doc-build=yes
shadow-build=no
hpijs-install=no
foomatic-drv-install=no
foomatic-ppd-install=no
foomatic-rip-hplip-install=no
hpcups-install=yes
cups-drv-install=yes
cups-ppd-install=no
internal-tag=3.23.12
restricted-build=no
ui-toolkit=qt5
qt3=no
qt4=no
qt5=yes
policy-kit=no
lite-build=no
udev_sysfs_rules=no
hpcups-only-build=no
hpijs-only-build=no
apparmor_build=no
class-driver=no

hp-check[59713]: info: :
hp-check[59713]: info: :[01mCurrent contents of '/var/lib/hp/hplip.state' file:[0m
hp-check[59713]: info: :[plugin]
installed = 1
eula = 1
version = 3.23.12


hp-check[59713]: info: :
hp-check[59713]: info: :[01mCurrent contents of '~/.hplip/hplip.conf' file:[0m
hp-check[59713]: info: :[installation]
date_time = 06/20/24 20:26:23
version = 3.23.12

[last_used]
device_uri = hp:/usb/HP_LaserJet_P1007?serial=EC0C32E
printer_name = HP_LaserJet_P1007_4


hp-check[59713]: info: : <Package-name>        <Package-Desc>      <Required/Optional> <Min-Version> <Installed-Version> <Status>   <Comment>
hp-check[59713]: info: :
hp-check[59713]: info: :-------------------------
hp-check[59713]: info: :| External Dependencies |
hp-check[59713]: info: :-------------------------
hp-check[59713]: info: :
hp-check[59713]: info: : cups                 CUPS - Common Unix Printing System                           REQUIRED        1.1             2.4.8           OK         'CUPS Scheduler is running'
hp-check[59713]: info: : gs                   GhostScript - PostScript and PDF language interpreter and previewer REQUIRED        7.05            10.03.0         OK         -
hp-check[59713]: info: :[31;01m error: xsane         xsane - Graphical scanner frontend for SANE                  OPTIONAL        0.9             -               MISSING    'xsane needs to be installed'[0m
hp-check[59713]: info: : scanimage            scanimage - Shell scanning program                           OPTIONAL        1.0             1.3.0           OK         -
hp-check[59713]: info: :[31;01m error: dbus          DBus - Message bus system                                    REQUIRED        -               1.14.10         MISSING    'DBUS may not be installed or not running'[0m
hp-check[59713]: info: : policykit            PolicyKit - Administrative policy framework                  OPTIONAL        -               124             OK         -
hp-check[59713]: info: : network              network -wget                                                OPTIONAL        -               1.24.5          OK         -
hp-check[59713]: info: : avahi-utils          avahi-utils                                                  OPTIONAL        -               0.8             OK         -
hp-check[59713]: info: :
hp-check[59713]: info: :------------------------
hp-check[59713]: info: :| General Dependencies |
hp-check[59713]: info: :------------------------
hp-check[59713]: info: :
hp-check[59713]: info: : libjpeg              libjpeg - JPEG library                                       REQUIRED        -               -               OK         -
hp-check[59713]: info: : cups-devel           CUPS devel- Common Unix Printing System development files    REQUIRED        -               2.4.8           OK         -
hp-check[59713]: info: : cups-image           CUPS image - CUPS image development files                    REQUIRED        -               2.4.8           OK         -
hp-check[59713]: info: : libpthread           libpthread - POSIX threads library                           REQUIRED        -               b'2.39'         OK         -
hp-check[59713]: info: : libusb               libusb - USB library                                         REQUIRED        -               1.0             OK         -
hp-check[59713]: info: : sane                 SANE - Scanning library                                      REQUIRED        -               1.3.0           OK         -
hp-check[59713]: info: : sane-devel           SANE - Scanning library development files                    REQUIRED        -               1.3.0           OK         -
hp-check[59713]: info: : libavahi-dev         libavahi-dev                                                 REQUIRED        -               -               OK         -
hp-check[59713]: info: : libnetsnmp-devel     libnetsnmp-devel - SNMP networking library development files REQUIRED        5.0.9           5.9.4           OK         -
hp-check[59713]: info: : libcrypto            libcrypto - OpenSSL cryptographic library                    REQUIRED        -               3.3.0           OK         -
hp-check[59713]: info: : python3X             Python 2.2 or greater - Python programming language          REQUIRED        2.2             3.12.3          OK         -
hp-check[59713]: info: :[31;01m error: python3-notify2 Python libnotify - Python bindings for the libnotify Desktop notifications OPTIONAL        -               -               MISSING    'python3-notify2 needs to be installed'[0m
hp-check[59713]: info: :[31;01m error: python3-pyqt4-dbus PyQt 4 DBus - DBus Support for PyQt4                         OPTIONAL        4.0             -               MISSING    'python3-pyqt4-dbus needs to be installed'[0m
hp-check[59713]: info: :[31;01m error: python3-pyqt4 PyQt 4- Qt interface for Python (for Qt version 4.x)         REQUIRED        4.0             -               MISSING    'python3-pyqt4 needs to be installed'[0m
hp-check[59713]: info: : python3-dbus         Python DBus - Python bindings for DBus                       REQUIRED        0.80.0          1.3.2           OK         -
hp-check[59713]: info: : python3-xml          Python XML libraries                                         REQUIRED        -               2.6.2           OK         -
hp-check[59713]: info: : python3-devel        Python devel - Python development files                      REQUIRED        2.2             3.12.3          OK         -
hp-check[59713]: info: : python3-pil          PIL - Python Imaging Library (required for commandline scanning with hp-scan) OPTIONAL        -               10.3.0          OK         -
hp-check[59713]: info: :[31;01m error: python3-reportlab Reportlab - PDF library for Python                           OPTIONAL        2.0             -               MISSING    'python3-reportlab needs to be installed'[0m
hp-check[59713]: info: :
hp-check[59713]: info: :--------------
hp-check[59713]: info: :| COMPILEDEP |
hp-check[59713]: info: :--------------
hp-check[59713]: info: :
hp-check[59713]: info: : libtool              libtool - Library building support services                  REQUIRED        -               2.5.0           OK         -
hp-check[59713]: info: : gcc                  gcc - GNU Project C and C++ Compiler                         REQUIRED        -               14.1.1          OK         -
hp-check[59713]: info: : make                 make - GNU make utility to maintain groups of programs       REQUIRED        3.0             4.4.1           OK         -
hp-check[59713]: info: :
hp-check[59713]: info: :---------------------
hp-check[59713]: info: :| Python Extentions |
hp-check[59713]: info: :---------------------
hp-check[59713]: info: :
hp-check[59713]: info: : cupsext              CUPS-Extension                                               REQUIRED        -               3.23.12         OK         -
hp-check[59713]: info: : hpmudext             IO-Extension                                                 REQUIRED        -               3.23.12         OK         -
hp-check[59713]: info: :
hp-check[59713]: info: :----------------------
hp-check[59713]: info: :| Scan Configuration |
hp-check[59713]: info: :----------------------
hp-check[59713]: info: :
hp-check[59713]: info: : hpaio                HPLIP-SANE-Backend                                           REQUIRED        -               3.23.12         OK         'hpaio found in /etc/sane.d/dll.conf'
hp-check[59713]: info: : scanext              Scan-SANE-Extension                                          REQUIRED        -               3.23.12         OK         -
hp-check[59713]: info: :
hp-check[59713]: info: :------------------------------
hp-check[59713]: info: :| DISCOVERED SCANNER DEVICES |
hp-check[59713]: info: :------------------------------
hp-check[59713]: info: :
hp-check[59713]: info: :device `v4l:/dev/video0' is a Noname HP TrueVision HD: HP TrueVision virtual device
device `v4l:/dev/video0' is a Noname HP TrueVision HD: HP TrueVision virtual device

hp-check[59713]: info: :
hp-check[59713]: info: :--------------------------
hp-check[59713]: info: :| DISCOVERED USB DEVICES |
hp-check[59713]: info: :--------------------------
hp-check[59713]: info: :
hp-check[59713]: info: :  Device URI                                Model                  
hp-check[59713]: info: :  ----------------------------------------  -----------------------
hp-check[59713]: info: :  hp:/usb/HP_LaserJet_P1007?serial=EC0C32E  HP LaserJet P1007      
hp-check[59713]: info: :
hp-check[59713]: info: :---------------------------------
hp-check[59713]: info: :| INSTALLED CUPS PRINTER QUEUES |
hp-check[59713]: info: :---------------------------------
hp-check[59713]: info: :
hp-check[59713]: info: :
hp-check[59713]: info: :[01mHP_LaserJet_P1007[0m
hp-check[59713]: info: :[01m-----------------[0m
hp-check[59713]: info: :Type: Printer
hp-check[59713]: info: :Device URI: hp:/usb/HP_LaserJet_P1007?serial=EC0C32E
hp-check[59713]: info: :PPD: /etc/cups/ppd/HP_LaserJet_P1007.ppd
warning: Failed to read /etc/cups/ppd/HP_LaserJet_P1007.ppd ppd file
hp-check[59713]: info: :PPD Description: 
hp-check[59713]: info: :Printer status: printer HP_LaserJet_P1007 now printing HP_LaserJet_P1007-0.  enabled since Thu 20 Jun 2024 08:20:48 PM IST	cfFilterChain: ghostscript (PID 3470980) exited with no errors.
hp-check[59713]: info: :Required plug-in status: Installed
hp-check[59713]: info: :Communication status: Good
hp-check[59713]: info: :
hp-check[59713]: info: :[01mHP_LaserJet_P1007_2[0m
hp-check[59713]: info: :[01m-------------------[0m
hp-check[59713]: info: :Type: Printer
hp-check[59713]: info: :Device URI: hp:/usb/HP_LaserJet_P1007?serial=EC0C32E
hp-check[59713]: info: :PPD: /etc/cups/ppd/HP_LaserJet_P1007_2.ppd
warning: Failed to read /etc/cups/ppd/HP_LaserJet_P1007_2.ppd ppd file
hp-check[59713]: info: :PPD Description: 
hp-check[59713]: info: :Printer status: printer HP_LaserJet_P1007_2 now printing HP_LaserJet_P1007_2-0.  enabled since Thu 20 Jun 2024 08:03:24 PM IST	cfFilterChain: ghostscript (PID 23725) exited with no errors.
hp-check[59713]: info: :Required plug-in status: Installed
hp-check[59713]: info: :Communication status: Good
hp-check[59713]: info: :
hp-check[59713]: info: :[01mHP_LaserJet_P1007_3[0m
hp-check[59713]: info: :[01m-------------------[0m
hp-check[59713]: info: :Type: Printer
hp-check[59713]: info: :Device URI: hp:/usb/HP_LaserJet_P1007?serial=EC0C32E
hp-check[59713]: info: :PPD: /etc/cups/ppd/HP_LaserJet_P1007_3.ppd
warning: Failed to read /etc/cups/ppd/HP_LaserJet_P1007_3.ppd ppd file
hp-check[59713]: info: :PPD Description: 
hp-check[59713]: info: :Printer status: printer HP_LaserJet_P1007_3 now printing HP_LaserJet_P1007_3-0.  enabled since Thu 20 Jun 2024 08:04:39 PM IST	cfFilterChain: ghostscript (PID 23769) exited with no errors.
hp-check[59713]: info: :Required plug-in status: Installed
hp-check[59713]: info: :Communication status: Good
hp-check[59713]: info: :
hp-check[59713]: info: :[01mHP_LaserJet_P1007_4[0m
hp-check[59713]: info: :[01m-------------------[0m
hp-check[59713]: info: :Type: Printer
hp-check[59713]: info: :Device URI: hp:/usb/HP_LaserJet_P1007?serial=EC0C32E
hp-check[59713]: info: :PPD: /etc/cups/ppd/HP_LaserJet_P1007_4.ppd
warning: Failed to read /etc/cups/ppd/HP_LaserJet_P1007_4.ppd ppd file
hp-check[59713]: info: :PPD Description: 
hp-check[59713]: info: :Printer status: printer HP_LaserJet_P1007_4 is idle.  enabled since Fri 07 Jun 2024 08:18:15 AM IST
hp-check[59713]: info: :Required plug-in status: Installed
hp-check[59713]: info: :Communication status: Good
hp-check[59713]: info: :
hp-check[59713]: info: :
hp-check[59713]: info: :--------------
hp-check[59713]: info: :| PERMISSION |
hp-check[59713]: info: :--------------
hp-check[59713]: info: :
hp-check[59713]: info: :USB             HP_LaserJet_P1007              Required        -        -        OK       Node:'/dev/bus/usb/001/013' Perm:'  root  lp rw- rw- rw- rw- rw- r--'
hp-check[59713]: info: :
hp-check[59713]: info: :-----------
hp-check[59713]: info: :| SUMMARY |
hp-check[59713]: info: :-----------
hp-check[59713]: info: :
hp-check[59713]: info: :[01mMissing Required Dependencies[0m
hp-check[59713]: info: :[01m-----------------------------[0m
hp-check[59713]: info: :None
hp-check[59713]: info: :
hp-check[59713]: info: :[01mMissing Optional Dependencies[0m
hp-check[59713]: info: :[01m-----------------------------[0m
hp-check[59713]: info: :None

hp-check[59713]: info: :
hp-check[59713]: info: :Total Errors: 6
hp-check[59713]: info: :Total Warnings: 0
hp-check[59713]: info: :
hp-check[59713]: info: :
hp-check[59713]: info: :Done.
